[2.807s] Invoking command in '/home/student/ros2_ws/src/build/exam_robot': PYTHONPATH=/home/student/ros2_ws/src/build/exam_robot/prefix_override:/usr/lib/python3/dist-packages/colcon_core/task/python/colcon_distutils_commands:/home/student/ros2_ws/src/install/exam_robot/lib/python3.12/site-packages:${PYTHONPATH} /usr/bin/python3 -W ignore:setup.py install is deprecated -W ignore:easy_install command is deprecated setup.py develop --editable --build-directory /home/student/ros2_ws/src/build/exam_robot/build --no-deps symlink_data
[4.272s] running develop
[4.900s] running egg_info
[4.901s] creating exam_robot.egg-info
[4.954s] writing exam_robot.egg-info/PKG-INFO
[4.963s] writing dependency_links to exam_robot.egg-info/dependency_links.txt
[4.970s] writing entry points to exam_robot.egg-info/entry_points.txt
[4.976s] writing requirements to exam_robot.egg-info/requires.txt
[4.981s] writing top-level names to exam_robot.egg-info/top_level.txt
[4.992s] writing manifest file 'exam_robot.egg-info/SOURCES.txt'
[5.138s] reading manifest file 'exam_robot.egg-info/SOURCES.txt'
[5.204s] writing manifest file 'exam_robot.egg-info/SOURCES.txt'
[5.265s] running build_ext
[5.266s] Creating /home/student/ros2_ws/src/install/exam_robot/lib/python3.12/site-packages/exam-robot.egg-link (link to .)
[5.297s] Installing battery_node script to /home/student/ros2_ws/src/install/exam_robot/lib/exam_robot
[5.318s] Installing distance_sensor script to /home/student/ros2_ws/src/install/exam_robot/lib/exam_robot
[5.353s] Installing robot_controller script to /home/student/ros2_ws/src/install/exam_robot/lib/exam_robot
[5.407s] Installing status_display script to /home/student/ros2_ws/src/install/exam_robot/lib/exam_robot
[5.462s] 
[5.464s] Installed /home/student/ros2_ws/src/build/exam_robot
[5.474s] running symlink_data
[5.505s] creating /home/student/ros2_ws/src/install/exam_robot/share/ament_index
[5.510s] creating /home/student/ros2_ws/src/install/exam_robot/share/ament_index/resource_index
[5.515s] creating /home/student/ros2_ws/src/install/exam_robot/share/ament_index/resource_index/packages
[5.533s] symbolically linking /home/student/ros2_ws/src/build/exam_robot/resource/exam_robot -> /home/student/ros2_ws/src/install/exam_robot/share/ament_index/resource_index/packages
[5.554s] symbolically linking /home/student/ros2_ws/src/build/exam_robot/package.xml -> /home/student/ros2_ws/src/install/exam_robot/share/exam_robot
[5.610s] Invoked command in '/home/student/ros2_ws/src/build/exam_robot' returned '0': PYTHONPATH=/home/student/ros2_ws/src/build/exam_robot/prefix_override:/usr/lib/python3/dist-packages/colcon_core/task/python/colcon_distutils_commands:/home/student/ros2_ws/src/install/exam_robot/lib/python3.12/site-packages:${PYTHONPATH} /usr/bin/python3 -W ignore:setup.py install is deprecated -W ignore:easy_install command is deprecated setup.py develop --editable --build-directory /home/student/ros2_ws/src/build/exam_robot/build --no-deps symlink_data
